\BOOKMARK [1][-]{section.1}{\376\377\000P\000a\000r\000t\000\040\000I\000:\000\040\000I\000n\000t\000e\000r\000n\000a\000l\000\040\000A\000n\000a\000l\000y\000s\000i\000s}{}% 1
\BOOKMARK [2][-]{subsection.1.1}{\376\377\000O\000v\000e\000r\000v\000i\000e\000w}{section.1}% 2
\BOOKMARK [1][-]{section.2}{\376\377\000T\000e\000a\000m\000\040\000D\000e\000p\000e\000n\000d\000e\000n\000c\000y\000\040\000A\000n\000a\000l\000y\000s\000i\000s}{}% 3
\BOOKMARK [2][-]{subsection.2.1}{\376\377\000M\000o\000t\000i\000v\000a\000t\000i\000o\000n}{section.2}% 4
\BOOKMARK [2][-]{subsection.2.2}{\376\377\000K\000e\000y\000\040\000M\000e\000t\000r\000i\000c\000s\000\040\000a\000n\000d\000\040\000F\000o\000r\000m\000u\000l\000a\000t\000i\000o\000n\000s}{section.2}% 5
\BOOKMARK [3][-]{subsubsection.2.2.1}{\376\377\000D\000e\000p\000e\000n\000d\000e\000n\000c\000y\000\040\000I\000m\000p\000a\000c\000t\000\040\000S\000c\000o\000r\000e\000\040\000\050\000D\000I\000S\000\051}{subsection.2.2}% 6
\BOOKMARK [3][-]{subsubsection.2.2.2}{\376\377\000F\000l\000o\000w\000\040\000E\000f\000f\000i\000c\000i\000e\000n\000c\000y\000\040\000A\000n\000a\000l\000y\000s\000i\000s}{subsection.2.2}% 7
\BOOKMARK [2][-]{subsection.2.3}{\376\377\000I\000n\000p\000u\000t\000\040\000P\000a\000r\000a\000m\000e\000t\000e\000r\000s}{section.2}% 8
\BOOKMARK [2][-]{subsection.2.4}{\376\377\000S\000y\000s\000t\000e\000m\000\040\000P\000e\000r\000f\000o\000r\000m\000a\000n\000c\000e\000\040\000I\000n\000d\000i\000c\000a\000t\000o\000r\000s}{section.2}% 9
\BOOKMARK [1][-]{section.3}{\376\377\000D\000i\000s\000t\000r\000i\000b\000u\000t\000i\000o\000n\000\040\000M\000o\000d\000e\000l\000s}{}% 10
\BOOKMARK [2][-]{subsection.3.1}{\376\377\000E\000v\000e\000n\000\040\000D\000i\000s\000t\000r\000i\000b\000u\000t\000i\000o\000n\000\040\000M\000o\000d\000e\000l}{section.3}% 11
\BOOKMARK [2][-]{subsection.3.2}{\376\377\000U\000n\000e\000v\000e\000n\000\040\000D\000i\000s\000t\000r\000i\000b\000u\000t\000i\000o\000n\000\040\000\050\000H\000u\000b\000-\000a\000n\000d\000-\000S\000p\000o\000k\000e\000\051}{section.3}% 12
\BOOKMARK [2][-]{subsection.3.3}{\376\377\000C\000o\000s\000t\000\040\000A\000n\000a\000l\000y\000s\000i\000s}{section.3}% 13
\BOOKMARK [1][-]{section.4}{\376\377\000P\000a\000r\000t\000\040\000I\000I\000:\000\040\000T\000a\000r\000g\000e\000t\000-\000B\000a\000s\000e\000d\000\040\000P\000l\000a\000n\000n\000i\000n\000g}{}% 14
\BOOKMARK [2][-]{subsection.4.1}{\376\377\000M\000o\000d\000e\000l\000-\000S\000p\000e\000c\000i\000f\000i\000c\000\040\000A\000n\000a\000l\000y\000s\000i\000s}{section.4}% 15
\BOOKMARK [3][-]{subsubsection.4.1.1}{\376\377\000T\000e\000a\000m\000-\000B\000a\000s\000e\000d\000\040\000P\000l\000a\000n\000n\000i\000n\000g}{subsection.4.1}% 16
\BOOKMARK [3][-]{subsubsection.4.1.2}{\376\377\000T\000i\000c\000k\000e\000t\000-\000B\000a\000s\000e\000d\000\040\000P\000l\000a\000n\000n\000i\000n\000g}{subsection.4.1}% 17
\BOOKMARK [1][-]{section.5}{\376\377\000B\000r\000e\000a\000k\000-\000e\000v\000e\000n\000\040\000A\000n\000a\000l\000y\000s\000i\000s}{}% 18
\BOOKMARK [2][-]{subsection.5.1}{\376\377\000T\000e\000a\000m\000-\000B\000a\000s\000e\000d\000\040\000S\000c\000e\000n\000a\000r\000i\000o\000s}{section.5}% 19
\BOOKMARK [2][-]{subsection.5.2}{\376\377\000T\000i\000c\000k\000e\000t\000-\000B\000a\000s\000e\000d\000\040\000S\000c\000e\000n\000a\000r\000i\000o\000s}{section.5}% 20
\BOOKMARK [1][-]{section.6}{\376\377\000C\000o\000n\000c\000l\000u\000s\000i\000o\000n}{}% 21
