\BOOKMARK [1][-]{section.1}{\376\377\000I\000n\000t\000r\000o\000d\000u\000c\000t\000i\000o\000n}{}% 1
\BOOKMARK [2][-]{subsection.1.1}{\376\377\000P\000u\000r\000p\000o\000s\000e\000\040\000a\000n\000d\000\040\000S\000c\000o\000p\000e}{section.1}% 2
\BOOKMARK [2][-]{subsection.1.2}{\376\377\000M\000o\000d\000e\000l\000\040\000O\000v\000e\000r\000v\000i\000e\000w}{section.1}% 3
\BOOKMARK [1][-]{section.2}{\376\377\000C\000o\000m\000m\000o\000n\000\040\000V\000a\000r\000i\000a\000b\000l\000e\000s\000\040\000a\000n\000d\000\040\000C\000o\000n\000s\000t\000a\000n\000t\000s}{}% 4
\BOOKMARK [2][-]{subsection.2.1}{\376\377\000T\000i\000m\000e\000\040\000V\000a\000r\000i\000a\000b\000l\000e\000s}{section.2}% 5
\BOOKMARK [2][-]{subsection.2.2}{\376\377\000F\000i\000n\000a\000n\000c\000i\000a\000l\000\040\000V\000a\000r\000i\000a\000b\000l\000e\000s}{section.2}% 6
\BOOKMARK [1][-]{section.3}{\376\377\000T\000e\000a\000m\000-\000B\000a\000s\000e\000d\000\040\000M\000o\000d\000e\000l}{}% 7
\BOOKMARK [2][-]{subsection.3.1}{\376\377\000B\000a\000s\000e\000\040\000C\000a\000s\000e\000\040\000A\000n\000a\000l\000y\000s\000i\000s}{section.3}% 8
\BOOKMARK [2][-]{subsection.3.2}{\376\377\000B\000a\000s\000e\000\040\000C\000o\000s\000t\000\040\000S\000t\000r\000u\000c\000t\000u\000r\000e}{section.3}% 9
\BOOKMARK [2][-]{subsection.3.3}{\376\377\000P\000l\000a\000t\000f\000o\000r\000m\000\040\000S\000o\000l\000u\000t\000i\000o\000n}{section.3}% 10
\BOOKMARK [3][-]{subsubsection.3.3.1}{\376\377\000P\000l\000a\000t\000f\000o\000r\000m\000\040\000C\000o\000s\000t\000\040\000S\000t\000r\000u\000c\000t\000u\000r\000e}{subsection.3.3}% 11
\BOOKMARK [2][-]{subsection.3.4}{\376\377\000O\000u\000t\000s\000o\000u\000r\000c\000i\000n\000g\000\040\000S\000o\000l\000u\000t\000i\000o\000n\000\040\000V\000a\000r\000i\000a\000b\000l\000e\000s}{section.3}% 12
\BOOKMARK [3][-]{subsubsection.3.4.1}{\376\377\000O\000u\000t\000s\000o\000u\000r\000c\000i\000n\000g\000\040\000C\000o\000s\000t\000\040\000S\000t\000r\000u\000c\000t\000u\000r\000e}{subsection.3.4}% 13
\BOOKMARK [2][-]{subsection.3.5}{\376\377\000H\000y\000b\000r\000i\000d\000\040\000S\000o\000l\000u\000t\000i\000o\000n\000\040\000V\000a\000r\000i\000a\000b\000l\000e\000s}{section.3}% 14
\BOOKMARK [1][-]{section.4}{\376\377\000T\000i\000c\000k\000e\000t\000-\000B\000a\000s\000e\000d\000\040\000M\000o\000d\000e\000l}{}% 15
\BOOKMARK [2][-]{subsection.4.1}{\376\377\000B\000a\000s\000e\000\040\000C\000a\000s\000e\000\040\000A\000n\000a\000l\000y\000s\000i\000s}{section.4}% 16
\BOOKMARK [2][-]{subsection.4.2}{\376\377\000T\000i\000c\000k\000e\000t\000\040\000C\000o\000s\000t\000\040\000S\000t\000r\000u\000c\000t\000u\000r\000e}{section.4}% 17
\BOOKMARK [2][-]{subsection.4.3}{\376\377\000O\000u\000t\000s\000o\000u\000r\000c\000i\000n\000g\000\040\000I\000m\000p\000a\000c\000t\000\040\000o\000n\000\040\000T\000i\000c\000k\000e\000t\000-\000B\000a\000s\000e\000d\000\040\000M\000o\000d\000e\000l}{section.4}% 18
\BOOKMARK [2][-]{subsection.4.4}{\376\377\000H\000y\000b\000r\000i\000d\000\040\000T\000i\000c\000k\000e\000t\000-\000B\000a\000s\000e\000d\000\040\000M\000o\000d\000e\000l}{section.4}% 19
\BOOKMARK [1][-]{section.5}{\376\377\000P\000e\000r\000f\000o\000r\000m\000a\000n\000c\000e\000\040\000M\000e\000t\000r\000i\000c\000s}{}% 20
\BOOKMARK [2][-]{subsection.5.1}{\376\377\000F\000i\000n\000a\000n\000c\000i\000a\000l\000\040\000A\000n\000a\000l\000y\000s\000i\000s}{section.5}% 21
\BOOKMARK [2][-]{subsection.5.2}{\376\377\000O\000p\000e\000r\000a\000t\000i\000o\000n\000a\000l\000\040\000M\000e\000t\000r\000i\000c\000s}{section.5}% 22
\BOOKMARK [1][-]{section.6}{\376\377\000R\000i\000s\000k\000\040\000A\000n\000a\000l\000y\000s\000i\000s}{}% 23
\BOOKMARK [2][-]{subsection.6.1}{\376\377\000Q\000u\000a\000l\000i\000t\000y\000\040\000M\000a\000n\000a\000g\000e\000m\000e\000n\000t}{section.6}% 24
\BOOKMARK [2][-]{subsection.6.2}{\376\377\000K\000n\000o\000w\000l\000e\000d\000g\000e\000\040\000M\000a\000n\000a\000g\000e\000m\000e\000n\000t}{section.6}% 25
\BOOKMARK [1][-]{section.7}{\376\377\000C\000o\000m\000p\000a\000r\000a\000t\000i\000v\000e\000\040\000A\000n\000a\000l\000y\000s\000i\000s}{}% 26
\BOOKMARK [2][-]{subsection.7.1}{\376\377\000M\000o\000d\000e\000l\000\040\000S\000e\000l\000e\000c\000t\000i\000o\000n\000\040\000F\000r\000a\000m\000e\000w\000o\000r\000k}{section.7}% 27
